{"D:\\repositories\\Lumio\\src\\lumio-web\\src\\lib\\afsluit-instructies.ts": {"path":"D:\\repositories\\Lumio\\src\\lumio-web\\src\\lib\\afsluit-instructies.ts","statementMap":{"0":{"start":{"line":19,"column":56},"end":{"line":231,"column":null}},"1":{"start":{"line":240,"column":15},"end":{"line":240,"column":null}},"2":{"start":{"line":241,"column":2},"end":{"line":245,"column":null}},"3":{"start":{"line":242,"column":4},"end":{"line":244,"column":null}},"4":{"start":{"line":243,"column":13},"end":{"line":243,"column":null}},"5":{"start":{"line":255,"column":2},"end":{"line":257,"column":null}},"6":{"start":{"line":256,"column":11},"end":{"line":256,"column":null}}},"fnMap":{"0":{"name":"zoekAfsluitInstructie","decl":{"start":{"line":237,"column":16},"end":{"line":237,"column":null}},"loc":{"start":{"line":239,"column":33},"end":{"line":246,"column":null}},"line":239},"1":{"name":"(anonymous_1)","decl":{"start":{"line":241,"column":34},"end":{"line":241,"column":35}},"loc":{"start":{"line":242,"column":4},"end":{"line":244,"column":null}},"line":242},"2":{"name":"(anonymous_2)","decl":{"start":{"line":243,"column":6},"end":{"line":243,"column":7}},"loc":{"start":{"line":243,"column":13},"end":{"line":243,"column":null}},"line":243},"3":{"name":"zoekAfsluitInstructiesVoorCategorie","decl":{"start":{"line":252,"column":16},"end":{"line":252,"column":null}},"loc":{"start":{"line":254,"column":23},"end":{"line":258,"column":null}},"line":254},"4":{"name":"(anonymous_4)","decl":{"start":{"line":256,"column":4},"end":{"line":256,"column":5}},"loc":{"start":{"line":256,"column":11},"end":{"line":256,"column":null}},"line":256}},"branchMap":{"0":{"loc":{"start":{"line":243,"column":13},"end":{"line":243,"column":null}},"type":"binary-expr","locations":[{"start":{"line":243,"column":13},"end":{"line":243,"column":33}},{"start":{"line":243,"column":33},"end":{"line":243,"column":null}}],"line":243}},"s":{"0":1,"1":15,"2":15,"3":76,"4":151,"5":8,"6":224},"f":{"0":15,"1":76,"2":151,"3":8,"4":224},"b":{"0":[151,138]},"meta":{"lastBranch":1,"lastFunction":5,"lastStatement":7,"seen":{"s:19:56:231:Infinity":0,"f:237:16:237:Infinity":0,"s:240:15:240:Infinity":1,"s:241:2:245:Infinity":2,"f:241:34:241:35":1,"s:242:4:244:Infinity":3,"f:243:6:243:7":2,"s:243:13:243:Infinity":4,"b:243:13:243:33:243:33:243:Infinity":0,"f:252:16:252:Infinity":3,"s:255:2:257:Infinity":5,"f:256:4:256:5":4,"s:256:11:256:Infinity":6}}}
,"D:\\repositories\\Lumio\\src\\lumio-web\\src\\lib\\api-client.ts": {"path":"D:\\repositories\\Lumio\\src\\lumio-web\\src\\lib\\api-client.ts","statementMap":{"0":{"start":{"line":4,"column":17},"end":{"line":4,"column":null}},"1":{"start":{"line":8,"column":2},"end":{"line":8,"column":null}},"2":{"start":{"line":18,"column":27},"end":{"line":18,"column":null}},"3":{"start":{"line":21,"column":2},"end":{"line":23,"column":null}},"4":{"start":{"line":22,"column":4},"end":{"line":22,"column":null}},"5":{"start":{"line":24,"column":2},"end":{"line":24,"column":null}},"6":{"start":{"line":31,"column":21},"end":{"line":31,"column":null}},"7":{"start":{"line":32,"column":20},"end":{"line":32,"column":null}},"8":{"start":{"line":32,"column":37},"end":{"line":32,"column":57}},"9":{"start":{"line":34,"column":2},"end":{"line":69,"column":null}},"10":{"start":{"line":35,"column":16},"end":{"line":42,"column":null}},"11":{"start":{"line":44,"column":4},"end":{"line":46,"column":null}},"12":{"start":{"line":45,"column":6},"end":{"line":45,"column":null}},"13":{"start":{"line":48,"column":4},"end":{"line":54,"column":null}},"14":{"start":{"line":49,"column":44},"end":{"line":49,"column":null}},"15":{"start":{"line":49,"column":74},"end":{"line":49,"column":77}},"16":{"start":{"line":50,"column":21},"end":{"line":50,"column":null}},"17":{"start":{"line":51,"column":22},"end":{"line":51,"column":null}},"18":{"start":{"line":52,"column":18},"end":{"line":52,"column":null}},"19":{"start":{"line":53,"column":6},"end":{"line":53,"column":null}},"20":{"start":{"line":56,"column":4},"end":{"line":58,"column":null}},"21":{"start":{"line":57,"column":6},"end":{"line":57,"column":null}},"22":{"start":{"line":60,"column":4},"end":{"line":60,"column":null}},"23":{"start":{"line":60,"column":28},"end":{"line":60,"column":null}},"24":{"start":{"line":61,"column":4},"end":{"line":61,"column":null}},"25":{"start":{"line":63,"column":4},"end":{"line":65,"column":null}},"26":{"start":{"line":64,"column":6},"end":{"line":64,"column":null}},"27":{"start":{"line":66,"column":4},"end":{"line":66,"column":null}},"28":{"start":{"line":68,"column":4},"end":{"line":68,"column":null}},"29":{"start":{"line":72,"column":19},"end":{"line":136,"column":null}},"30":{"start":{"line":73,"column":28},"end":{"line":73,"column":null}},"31":{"start":{"line":75,"column":4},"end":{"line":79,"column":null}},"32":{"start":{"line":81,"column":4},"end":{"line":85,"column":null}},"33":{"start":{"line":87,"column":4},"end":{"line":91,"column":null}},"34":{"start":{"line":92,"column":31},"end":{"line":92,"column":null}},"35":{"start":{"line":94,"column":4},"end":{"line":98,"column":null}},"36":{"start":{"line":100,"column":4},"end":{"line":103,"column":null}},"37":{"start":{"line":105,"column":23},"end":{"line":105,"column":null}},"38":{"start":{"line":106,"column":22},"end":{"line":106,"column":null}},"39":{"start":{"line":106,"column":39},"end":{"line":106,"column":59}},"40":{"start":{"line":108,"column":4},"end":{"line":134,"column":null}},"41":{"start":{"line":109,"column":18},"end":{"line":117,"column":null}},"42":{"start":{"line":118,"column":6},"end":{"line":118,"column":null}},"43":{"start":{"line":118,"column":30},"end":{"line":118,"column":null}},"44":{"start":{"line":119,"column":6},"end":{"line":121,"column":null}},"45":{"start":{"line":120,"column":8},"end":{"line":120,"column":null}},"46":{"start":{"line":122,"column":19},"end":{"line":122,"column":null}},"47":{"start":{"line":123,"column":26},"end":{"line":123,"column":null}},"48":{"start":{"line":124,"column":20},"end":{"line":124,"column":null}},"49":{"start":{"line":125,"column":23},"end":{"line":125,"column":null}},"50":{"start":{"line":126,"column":6},"end":{"line":126,"column":null}},"51":{"start":{"line":128,"column":6},"end":{"line":130,"column":null}},"52":{"start":{"line":129,"column":8},"end":{"line":129,"column":null}},"53":{"start":{"line":131,"column":6},"end":{"line":131,"column":null}},"54":{"start":{"line":133,"column":6},"end":{"line":133,"column":null}},"55":{"start":{"line":149,"column":29},"end":{"line":149,"column":null}},"56":{"start":{"line":150,"column":14},"end":{"line":150,"column":null}},"57":{"start":{"line":151,"column":12},"end":{"line":151,"column":null}},"58":{"start":{"line":152,"column":2},"end":{"line":152,"column":null}},"59":{"start":{"line":153,"column":2},"end":{"line":153,"column":null}},"60":{"start":{"line":154,"column":2},"end":{"line":154,"column":null}},"61":{"start":{"line":155,"column":2},"end":{"line":155,"column":null}}},"fnMap":{"0":{"name":"getApiUrl","decl":{"start":{"line":7,"column":16},"end":{"line":7,"column":26}},"loc":{"start":{"line":7,"column":48},"end":{"line":9,"column":null}},"line":7},"1":{"name":"getLocale","decl":{"start":{"line":20,"column":9},"end":{"line":20,"column":29}},"loc":{"start":{"line":20,"column":29},"end":{"line":25,"column":null}},"line":20},"2":{"name":"request","decl":{"start":{"line":27,"column":15},"end":{"line":27,"column":null}},"loc":{"start":{"line":30,"column":14},"end":{"line":70,"column":null}},"line":30},"3":{"name":"(anonymous_3)","decl":{"start":{"line":32,"column":31},"end":{"line":32,"column":37}},"loc":{"start":{"line":32,"column":37},"end":{"line":32,"column":57}},"line":32},"4":{"name":"(anonymous_4)","decl":{"start":{"line":49,"column":67},"end":{"line":49,"column":74}},"loc":{"start":{"line":49,"column":74},"end":{"line":49,"column":77}},"line":49},"5":{"name":"(anonymous_5)","decl":{"start":{"line":73,"column":7},"end":{"line":73,"column":11}},"loc":{"start":{"line":73,"column":28},"end":{"line":73,"column":null}},"line":73},"6":{"name":"(anonymous_6)","decl":{"start":{"line":74,"column":8},"end":{"line":74,"column":12}},"loc":{"start":{"line":75,"column":4},"end":{"line":79,"column":null}},"line":75},"7":{"name":"(anonymous_7)","decl":{"start":{"line":80,"column":7},"end":{"line":80,"column":11}},"loc":{"start":{"line":81,"column":4},"end":{"line":85,"column":null}},"line":81},"8":{"name":"(anonymous_8)","decl":{"start":{"line":86,"column":9},"end":{"line":86,"column":13}},"loc":{"start":{"line":87,"column":4},"end":{"line":91,"column":null}},"line":87},"9":{"name":"(anonymous_9)","decl":{"start":{"line":92,"column":10},"end":{"line":92,"column":14}},"loc":{"start":{"line":92,"column":31},"end":{"line":92,"column":null}},"line":92},"10":{"name":"(anonymous_10)","decl":{"start":{"line":93,"column":18},"end":{"line":93,"column":22}},"loc":{"start":{"line":94,"column":4},"end":{"line":98,"column":null}},"line":94},"11":{"name":"(anonymous_11)","decl":{"start":{"line":99,"column":10},"end":{"line":99,"column":14}},"loc":{"start":{"line":100,"column":4},"end":{"line":103,"column":null}},"line":100},"12":{"name":"(anonymous_12)","decl":{"start":{"line":104,"column":12},"end":{"line":104,"column":19}},"loc":{"start":{"line":104,"column":83},"end":{"line":135,"column":null}},"line":104},"13":{"name":"(anonymous_13)","decl":{"start":{"line":106,"column":33},"end":{"line":106,"column":39}},"loc":{"start":{"line":106,"column":39},"end":{"line":106,"column":59}},"line":106},"14":{"name":"downloadAndSave","decl":{"start":{"line":144,"column":22},"end":{"line":144,"column":null}},"loc":{"start":{"line":148,"column":17},"end":{"line":156,"column":null}},"line":148}},"branchMap":{"0":{"loc":{"start":{"line":4,"column":17},"end":{"line":4,"column":null}},"type":"binary-expr","locations":[{"start":{"line":4,"column":17},"end":{"line":4,"column":52}},{"start":{"line":4,"column":52},"end":{"line":4,"column":null}}],"line":4},"1":{"loc":{"start":{"line":21,"column":2},"end":{"line":23,"column":null}},"type":"if","locations":[{"start":{"line":21,"column":2},"end":{"line":23,"column":null}},{"start":{},"end":{}}],"line":21},"2":{"loc":{"start":{"line":22,"column":11},"end":{"line":22,"column":null}},"type":"binary-expr","locations":[{"start":{"line":22,"column":11},"end":{"line":22,"column":51}},{"start":{"line":22,"column":51},"end":{"line":22,"column":null}}],"line":22},"3":{"loc":{"start":{"line":44,"column":4},"end":{"line":46,"column":null}},"type":"if","locations":[{"start":{"line":44,"column":4},"end":{"line":46,"column":null}},{"start":{},"end":{}}],"line":44},"4":{"loc":{"start":{"line":48,"column":4},"end":{"line":54,"column":null}},"type":"if","locations":[{"start":{"line":48,"column":4},"end":{"line":54,"column":null}},{"start":{},"end":{}}],"line":48},"5":{"loc":{"start":{"line":50,"column":21},"end":{"line":50,"column":null}},"type":"cond-expr","locations":[{"start":{"line":50,"column":54},"end":{"line":50,"column":67}},{"start":{"line":50,"column":67},"end":{"line":50,"column":null}}],"line":50},"6":{"loc":{"start":{"line":51,"column":22},"end":{"line":51,"column":null}},"type":"cond-expr","locations":[{"start":{"line":51,"column":73},"end":{"line":51,"column":104}},{"start":{"line":51,"column":104},"end":{"line":51,"column":null}}],"line":51},"7":{"loc":{"start":{"line":56,"column":4},"end":{"line":58,"column":null}},"type":"if","locations":[{"start":{"line":56,"column":4},"end":{"line":58,"column":null}},{"start":{},"end":{}}],"line":56},"8":{"loc":{"start":{"line":60,"column":4},"end":{"line":60,"column":null}},"type":"if","locations":[{"start":{"line":60,"column":4},"end":{"line":60,"column":null}},{"start":{},"end":{}}],"line":60},"9":{"loc":{"start":{"line":63,"column":4},"end":{"line":65,"column":null}},"type":"if","locations":[{"start":{"line":63,"column":4},"end":{"line":65,"column":null}},{"start":{},"end":{}}],"line":63},"10":{"loc":{"start":{"line":63,"column":8},"end":{"line":63,"column":66}},"type":"binary-expr","locations":[{"start":{"line":63,"column":8},"end":{"line":63,"column":39}},{"start":{"line":63,"column":39},"end":{"line":63,"column":66}}],"line":63},"11":{"loc":{"start":{"line":78,"column":12},"end":{"line":78,"column":null}},"type":"cond-expr","locations":[{"start":{"line":78,"column":19},"end":{"line":78,"column":42}},{"start":{"line":78,"column":42},"end":{"line":78,"column":null}}],"line":78},"12":{"loc":{"start":{"line":84,"column":12},"end":{"line":84,"column":null}},"type":"cond-expr","locations":[{"start":{"line":84,"column":19},"end":{"line":84,"column":42}},{"start":{"line":84,"column":42},"end":{"line":84,"column":null}}],"line":84},"13":{"loc":{"start":{"line":90,"column":12},"end":{"line":90,"column":null}},"type":"cond-expr","locations":[{"start":{"line":90,"column":19},"end":{"line":90,"column":42}},{"start":{"line":90,"column":42},"end":{"line":90,"column":null}}],"line":90},"14":{"loc":{"start":{"line":97,"column":12},"end":{"line":97,"column":null}},"type":"cond-expr","locations":[{"start":{"line":97,"column":19},"end":{"line":97,"column":42}},{"start":{"line":97,"column":42},"end":{"line":97,"column":null}}],"line":97},"15":{"loc":{"start":{"line":110,"column":16},"end":{"line":110,"column":null}},"type":"binary-expr","locations":[{"start":{"line":110,"column":16},"end":{"line":110,"column":35}},{"start":{"line":110,"column":35},"end":{"line":110,"column":null}}],"line":110},"16":{"loc":{"start":{"line":114,"column":14},"end":{"line":114,"column":null}},"type":"cond-expr","locations":[{"start":{"line":114,"column":30},"end":{"line":114,"column":71}},{"start":{"line":114,"column":71},"end":{"line":114,"column":null}}],"line":114},"17":{"loc":{"start":{"line":116,"column":14},"end":{"line":116,"column":null}},"type":"cond-expr","locations":[{"start":{"line":116,"column":30},"end":{"line":116,"column":61}},{"start":{"line":116,"column":61},"end":{"line":116,"column":null}}],"line":116},"18":{"loc":{"start":{"line":118,"column":6},"end":{"line":118,"column":null}},"type":"if","locations":[{"start":{"line":118,"column":6},"end":{"line":118,"column":null}},{"start":{},"end":{}}],"line":118},"19":{"loc":{"start":{"line":119,"column":6},"end":{"line":121,"column":null}},"type":"if","locations":[{"start":{"line":119,"column":6},"end":{"line":121,"column":null}},{"start":{},"end":{}}],"line":119},"20":{"loc":{"start":{"line":125,"column":23},"end":{"line":125,"column":null}},"type":"binary-expr","locations":[{"start":{"line":125,"column":23},"end":{"line":125,"column":37}},{"start":{"line":125,"column":37},"end":{"line":125,"column":null}}],"line":125},"21":{"loc":{"start":{"line":128,"column":6},"end":{"line":130,"column":null}},"type":"if","locations":[{"start":{"line":128,"column":6},"end":{"line":130,"column":null}},{"start":{},"end":{}}],"line":128},"22":{"loc":{"start":{"line":128,"column":10},"end":{"line":128,"column":68}},"type":"binary-expr","locations":[{"start":{"line":128,"column":10},"end":{"line":128,"column":41}},{"start":{"line":128,"column":41},"end":{"line":128,"column":68}}],"line":128},"23":{"loc":{"start":{"line":153,"column":15},"end":{"line":153,"column":null}},"type":"cond-expr","locations":[{"start":{"line":153,"column":41},"end":{"line":153,"column":52}},{"start":{"line":153,"column":52},"end":{"line":153,"column":null}}],"line":153}},"s":{"0":1,"1":0,"2":1,"3":18,"4":18,"5":0,"6":15,"7":15,"8":0,"9":15,"10":15,"11":14,"12":1,"13":13,"14":2,"15":0,"16":2,"17":2,"18":2,"19":2,"20":11,"21":2,"22":9,"23":3,"24":6,"25":6,"26":1,"27":5,"28":15,"29":1,"30":10,"31":2,"32":1,"33":0,"34":1,"35":1,"36":0,"37":3,"38":3,"39":0,"40":3,"41":3,"42":3,"43":0,"44":3,"45":0,"46":3,"47":3,"48":3,"49":3,"50":3,"51":0,"52":0,"53":0,"54":3,"55":0,"56":0,"57":0,"58":0,"59":0,"60":0,"61":0},"f":{"0":0,"1":18,"2":15,"3":0,"4":0,"5":10,"6":2,"7":1,"8":0,"9":1,"10":1,"11":0,"12":3,"13":0,"14":0},"b":{"0":[1,1],"1":[18,0],"2":[18,17],"3":[1,13],"4":[2,11],"5":[2,0],"6":[1,1],"7":[2,9],"8":[3,6],"9":[1,5],"10":[6,1],"11":[1,1],"12":[1,0],"13":[0,0],"14":[1,0],"15":[3,2],"16":[1,2],"17":[1,2],"18":[0,3],"19":[0,3],"20":[3,2],"21":[0,0],"22":[0,0],"23":[0,0]},"meta":{"lastBranch":24,"lastFunction":15,"lastStatement":62,"seen":{"s:4:17:4:Infinity":0,"b:4:17:4:52:4:52:4:Infinity":0,"f:7:16:7:26":0,"s:8:2:8:Infinity":1,"s:18:27:18:Infinity":2,"f:20:9:20:29":1,"b:21:2:23:Infinity:undefined:undefined:undefined:undefined":1,"s:21:2:23:Infinity":3,"s:22:4:22:Infinity":4,"b:22:11:22:51:22:51:22:Infinity":2,"s:24:2:24:Infinity":5,"f:27:15:27:Infinity":2,"s:31:21:31:Infinity":6,"s:32:20:32:Infinity":7,"f:32:31:32:37":3,"s:32:37:32:57":8,"s:34:2:69:Infinity":9,"s:35:16:42:Infinity":10,"b:44:4:46:Infinity:undefined:undefined:undefined:undefined":3,"s:44:4:46:Infinity":11,"s:45:6:45:Infinity":12,"b:48:4:54:Infinity:undefined:undefined:undefined:undefined":4,"s:48:4:54:Infinity":13,"s:49:44:49:Infinity":14,"f:49:67:49:74":4,"s:49:74:49:77":15,"s:50:21:50:Infinity":16,"b:50:54:50:67:50:67:50:Infinity":5,"s:51:22:51:Infinity":17,"b:51:73:51:104:51:104:51:Infinity":6,"s:52:18:52:Infinity":18,"s:53:6:53:Infinity":19,"b:56:4:58:Infinity:undefined:undefined:undefined:undefined":7,"s:56:4:58:Infinity":20,"s:57:6:57:Infinity":21,"b:60:4:60:Infinity:undefined:undefined:undefined:undefined":8,"s:60:4:60:Infinity":22,"s:60:28:60:Infinity":23,"s:61:4:61:Infinity":24,"b:63:4:65:Infinity:undefined:undefined:undefined:undefined":9,"s:63:4:65:Infinity":25,"b:63:8:63:39:63:39:63:66":10,"s:64:6:64:Infinity":26,"s:66:4:66:Infinity":27,"s:68:4:68:Infinity":28,"s:72:19:136:Infinity":29,"f:73:7:73:11":5,"s:73:28:73:Infinity":30,"f:74:8:74:12":6,"s:75:4:79:Infinity":31,"b:78:19:78:42:78:42:78:Infinity":11,"f:80:7:80:11":7,"s:81:4:85:Infinity":32,"b:84:19:84:42:84:42:84:Infinity":12,"f:86:9:86:13":8,"s:87:4:91:Infinity":33,"b:90:19:90:42:90:42:90:Infinity":13,"f:92:10:92:14":9,"s:92:31:92:Infinity":34,"f:93:18:93:22":10,"s:94:4:98:Infinity":35,"b:97:19:97:42:97:42:97:Infinity":14,"f:99:10:99:14":11,"s:100:4:103:Infinity":36,"f:104:12:104:19":12,"s:105:23:105:Infinity":37,"s:106:22:106:Infinity":38,"f:106:33:106:39":13,"s:106:39:106:59":39,"s:108:4:134:Infinity":40,"s:109:18:117:Infinity":41,"b:110:16:110:35:110:35:110:Infinity":15,"b:114:30:114:71:114:71:114:Infinity":16,"b:116:30:116:61:116:61:116:Infinity":17,"b:118:6:118:Infinity:undefined:undefined:undefined:undefined":18,"s:118:6:118:Infinity":42,"s:118:30:118:Infinity":43,"b:119:6:121:Infinity:undefined:undefined:undefined:undefined":19,"s:119:6:121:Infinity":44,"s:120:8:120:Infinity":45,"s:122:19:122:Infinity":46,"s:123:26:123:Infinity":47,"s:124:20:124:Infinity":48,"s:125:23:125:Infinity":49,"b:125:23:125:37:125:37:125:Infinity":20,"s:126:6:126:Infinity":50,"b:128:6:130:Infinity:undefined:undefined:undefined:undefined":21,"s:128:6:130:Infinity":51,"b:128:10:128:41:128:41:128:68":22,"s:129:8:129:Infinity":52,"s:131:6:131:Infinity":53,"s:133:6:133:Infinity":54,"f:144:22:144:Infinity":14,"s:149:29:149:Infinity":55,"s:150:14:150:Infinity":56,"s:151:12:151:Infinity":57,"s:152:2:152:Infinity":58,"s:153:2:153:Infinity":59,"b:153:41:153:52:153:52:153:Infinity":23,"s:154:2:154:Infinity":60,"s:155:2:155:Infinity":61}}}
,"D:\\repositories\\Lumio\\src\\lumio-web\\src\\lib\\api-error.ts": {"path":"D:\\repositories\\Lumio\\src\\lumio-web\\src\\lib\\api-error.ts","statementMap":{"0":{"start":{"line":55,"column":6},"end":{"line":57,"column":null}},"1":{"start":{"line":58,"column":4},"end":{"line":58,"column":null}},"2":{"start":{"line":60,"column":4},"end":{"line":60,"column":null}},"3":{"start":{"line":61,"column":4},"end":{"line":61,"column":null}},"4":{"start":{"line":62,"column":4},"end":{"line":62,"column":null}},"5":{"start":{"line":63,"column":4},"end":{"line":63,"column":null}},"6":{"start":{"line":64,"column":4},"end":{"line":64,"column":null}},"7":{"start":{"line":65,"column":4},"end":{"line":65,"column":null}},"8":{"start":{"line":66,"column":4},"end":{"line":66,"column":null}},"9":{"start":{"line":69,"column":4},"end":{"line":71,"column":null}},"10":{"start":{"line":70,"column":6},"end":{"line":70,"column":null}},"11":{"start":{"line":79,"column":41},"end":{"line":81,"column":null}},"12":{"start":{"line":83,"column":4},"end":{"line":97,"column":null}},"13":{"start":{"line":84,"column":19},"end":{"line":84,"column":null}},"14":{"start":{"line":87,"column":6},"end":{"line":93,"column":null}},"15":{"start":{"line":88,"column":8},"end":{"line":88,"column":null}},"16":{"start":{"line":89,"column":6},"end":{"line":93,"column":null}},"17":{"start":{"line":92,"column":8},"end":{"line":92,"column":null}},"18":{"start":{"line":96,"column":6},"end":{"line":96,"column":null}},"19":{"start":{"line":100,"column":4},"end":{"line":102,"column":null}},"20":{"start":{"line":101,"column":6},"end":{"line":101,"column":null}},"21":{"start":{"line":103,"column":4},"end":{"line":105,"column":null}},"22":{"start":{"line":104,"column":6},"end":{"line":104,"column":null}},"23":{"start":{"line":107,"column":4},"end":{"line":107,"column":null}},"24":{"start":{"line":114,"column":4},"end":{"line":114,"column":null}},"25":{"start":{"line":114,"column":22},"end":{"line":114,"column":null}},"26":{"start":{"line":115,"column":16},"end":{"line":117,"column":null}},"27":{"start":{"line":116,"column":13},"end":{"line":116,"column":null}},"28":{"start":{"line":118,"column":4},"end":{"line":118,"column":null}},"29":{"start":{"line":126,"column":4},"end":{"line":126,"column":null}},"30":{"start":{"line":126,"column":22},"end":{"line":126,"column":null}},"31":{"start":{"line":127,"column":16},"end":{"line":129,"column":null}},"32":{"start":{"line":128,"column":13},"end":{"line":128,"column":null}},"33":{"start":{"line":130,"column":4},"end":{"line":130,"column":null}},"34":{"start":{"line":137,"column":4},"end":{"line":137,"column":null}},"35":{"start":{"line":137,"column":22},"end":{"line":137,"column":null}},"36":{"start":{"line":138,"column":4},"end":{"line":138,"column":null}},"37":{"start":{"line":145,"column":4},"end":{"line":145,"column":null}},"38":{"start":{"line":152,"column":4},"end":{"line":152,"column":null}},"39":{"start":{"line":159,"column":4},"end":{"line":159,"column":null}},"40":{"start":{"line":166,"column":4},"end":{"line":166,"column":null}},"41":{"start":{"line":174,"column":2},"end":{"line":197,"column":null}},"42":{"start":{"line":176,"column":6},"end":{"line":176,"column":null}},"43":{"start":{"line":178,"column":6},"end":{"line":178,"column":null}},"44":{"start":{"line":180,"column":6},"end":{"line":180,"column":null}},"45":{"start":{"line":182,"column":6},"end":{"line":182,"column":null}},"46":{"start":{"line":184,"column":6},"end":{"line":184,"column":null}},"47":{"start":{"line":186,"column":6},"end":{"line":186,"column":null}},"48":{"start":{"line":188,"column":6},"end":{"line":188,"column":null}},"49":{"start":{"line":190,"column":6},"end":{"line":190,"column":null}},"50":{"start":{"line":192,"column":6},"end":{"line":192,"column":null}},"51":{"start":{"line":194,"column":6},"end":{"line":194,"column":null}},"52":{"start":{"line":196,"column":6},"end":{"line":196,"column":null}}},"fnMap":{"0":{"name":"(anonymous_0)","decl":{"start":{"line":52,"column":2},"end":{"line":52,"column":14}},"loc":{"start":{"line":52,"column":46},"end":{"line":72,"column":null}},"line":52},"1":{"name":"(anonymous_1)","decl":{"start":{"line":78,"column":15},"end":{"line":78,"column":28}},"loc":{"start":{"line":78,"column":67},"end":{"line":108,"column":null}},"line":78},"2":{"name":"(anonymous_2)","decl":{"start":{"line":113,"column":2},"end":{"line":113,"column":16}},"loc":{"start":{"line":113,"column":44},"end":{"line":119,"column":null}},"line":113},"3":{"name":"(anonymous_3)","decl":{"start":{"line":116,"column":6},"end":{"line":116,"column":7}},"loc":{"start":{"line":116,"column":13},"end":{"line":116,"column":null}},"line":116},"4":{"name":"(anonymous_4)","decl":{"start":{"line":125,"column":2},"end":{"line":125,"column":17}},"loc":{"start":{"line":125,"column":46},"end":{"line":131,"column":null}},"line":125},"5":{"name":"(anonymous_5)","decl":{"start":{"line":128,"column":6},"end":{"line":128,"column":7}},"loc":{"start":{"line":128,"column":13},"end":{"line":128,"column":null}},"line":128},"6":{"name":"(anonymous_6)","decl":{"start":{"line":136,"column":2},"end":{"line":136,"column":32}},"loc":{"start":{"line":136,"column":32},"end":{"line":139,"column":null}},"line":136},"7":{"name":"(anonymous_7)","decl":{"start":{"line":144,"column":2},"end":{"line":144,"column":31}},"loc":{"start":{"line":144,"column":31},"end":{"line":146,"column":null}},"line":144},"8":{"name":"(anonymous_8)","decl":{"start":{"line":151,"column":2},"end":{"line":151,"column":24}},"loc":{"start":{"line":151,"column":24},"end":{"line":153,"column":null}},"line":151},"9":{"name":"(anonymous_9)","decl":{"start":{"line":158,"column":2},"end":{"line":158,"column":28}},"loc":{"start":{"line":158,"column":28},"end":{"line":160,"column":null}},"line":158},"10":{"name":"(anonymous_10)","decl":{"start":{"line":165,"column":2},"end":{"line":165,"column":27}},"loc":{"start":{"line":165,"column":27},"end":{"line":167,"column":null}},"line":165},"11":{"name":"getDefaultTitle","decl":{"start":{"line":173,"column":9},"end":{"line":173,"column":25}},"loc":{"start":{"line":173,"column":49},"end":{"line":198,"column":null}},"line":173}},"branchMap":{"0":{"loc":{"start":{"line":55,"column":6},"end":{"line":57,"column":null}},"type":"binary-expr","locations":[{"start":{"line":55,"column":6},"end":{"line":55,"column":null}},{"start":{"line":56,"column":6},"end":{"line":56,"column":null}},{"start":{"line":57,"column":6},"end":{"line":57,"column":null}}],"line":55},"1":{"loc":{"start":{"line":57,"column":14},"end":{"line":57,"column":42}},"type":"binary-expr","locations":[{"start":{"line":57,"column":14},"end":{"line":57,"column":39}},{"start":{"line":57,"column":39},"end":{"line":57,"column":42}}],"line":57},"2":{"loc":{"start":{"line":61,"column":16},"end":{"line":61,"column":null}},"type":"binary-expr","locations":[{"start":{"line":61,"column":16},"end":{"line":61,"column":39}},{"start":{"line":61,"column":39},"end":{"line":61,"column":null}}],"line":61},"3":{"loc":{"start":{"line":62,"column":17},"end":{"line":62,"column":null}},"type":"binary-expr","locations":[{"start":{"line":62,"column":17},"end":{"line":62,"column":41}},{"start":{"line":62,"column":41},"end":{"line":62,"column":null}}],"line":62},"4":{"loc":{"start":{"line":63,"column":18},"end":{"line":63,"column":null}},"type":"binary-expr","locations":[{"start":{"line":63,"column":18},"end":{"line":63,"column":43}},{"start":{"line":63,"column":43},"end":{"line":63,"column":null}}],"line":63},"5":{"loc":{"start":{"line":64,"column":18},"end":{"line":64,"column":null}},"type":"binary-expr","locations":[{"start":{"line":64,"column":18},"end":{"line":64,"column":43}},{"start":{"line":64,"column":43},"end":{"line":64,"column":null}}],"line":64},"6":{"loc":{"start":{"line":69,"column":4},"end":{"line":71,"column":null}},"type":"if","locations":[{"start":{"line":69,"column":4},"end":{"line":71,"column":null}},{"start":{},"end":{}}],"line":69},"7":{"loc":{"start":{"line":87,"column":6},"end":{"line":93,"column":null}},"type":"if","locations":[{"start":{"line":87,"column":6},"end":{"line":93,"column":null}},{"start":{"line":89,"column":6},"end":{"line":93,"column":null}}],"line":87},"8":{"loc":{"start":{"line":87,"column":10},"end":{"line":87,"column":65}},"type":"binary-expr","locations":[{"start":{"line":87,"column":10},"end":{"line":87,"column":23}},{"start":{"line":87,"column":23},"end":{"line":87,"column":37}},{"start":{"line":87,"column":37},"end":{"line":87,"column":52}},{"start":{"line":87,"column":52},"end":{"line":87,"column":65}}],"line":87},"9":{"loc":{"start":{"line":89,"column":6},"end":{"line":93,"column":null}},"type":"if","locations":[{"start":{"line":89,"column":6},"end":{"line":93,"column":null}},{"start":{},"end":{}}],"line":89},"10":{"loc":{"start":{"line":100,"column":4},"end":{"line":102,"column":null}},"type":"if","locations":[{"start":{"line":100,"column":4},"end":{"line":102,"column":null}},{"start":{},"end":{}}],"line":100},"11":{"loc":{"start":{"line":103,"column":4},"end":{"line":105,"column":null}},"type":"if","locations":[{"start":{"line":103,"column":4},"end":{"line":105,"column":null}},{"start":{},"end":{}}],"line":103},"12":{"loc":{"start":{"line":114,"column":4},"end":{"line":114,"column":null}},"type":"if","locations":[{"start":{"line":114,"column":4},"end":{"line":114,"column":null}},{"start":{},"end":{}}],"line":114},"13":{"loc":{"start":{"line":118,"column":11},"end":{"line":118,"column":null}},"type":"binary-expr","locations":[{"start":{"line":118,"column":11},"end":{"line":118,"column":32}},{"start":{"line":118,"column":32},"end":{"line":118,"column":null}}],"line":118},"14":{"loc":{"start":{"line":126,"column":4},"end":{"line":126,"column":null}},"type":"if","locations":[{"start":{"line":126,"column":4},"end":{"line":126,"column":null}},{"start":{},"end":{}}],"line":126},"15":{"loc":{"start":{"line":130,"column":11},"end":{"line":130,"column":null}},"type":"cond-expr","locations":[{"start":{"line":130,"column":17},"end":{"line":130,"column":36}},{"start":{"line":130,"column":36},"end":{"line":130,"column":null}}],"line":130},"16":{"loc":{"start":{"line":137,"column":4},"end":{"line":137,"column":null}},"type":"if","locations":[{"start":{"line":137,"column":4},"end":{"line":137,"column":null}},{"start":{},"end":{}}],"line":137},"17":{"loc":{"start":{"line":145,"column":11},"end":{"line":145,"column":null}},"type":"binary-expr","locations":[{"start":{"line":145,"column":11},"end":{"line":145,"column":34}},{"start":{"line":145,"column":34},"end":{"line":145,"column":null}}],"line":145},"18":{"loc":{"start":{"line":174,"column":2},"end":{"line":197,"column":null}},"type":"switch","locations":[{"start":{"line":175,"column":4},"end":{"line":176,"column":null}},{"start":{"line":177,"column":4},"end":{"line":178,"column":null}},{"start":{"line":179,"column":4},"end":{"line":180,"column":null}},{"start":{"line":181,"column":4},"end":{"line":182,"column":null}},{"start":{"line":183,"column":4},"end":{"line":184,"column":null}},{"start":{"line":185,"column":4},"end":{"line":186,"column":null}},{"start":{"line":187,"column":4},"end":{"line":188,"column":null}},{"start":{"line":189,"column":4},"end":{"line":190,"column":null}},{"start":{"line":191,"column":4},"end":{"line":192,"column":null}},{"start":{"line":193,"column":4},"end":{"line":194,"column":null}},{"start":{"line":195,"column":4},"end":{"line":196,"column":null}}],"line":174}},"s":{"0":34,"1":34,"2":34,"3":34,"4":34,"5":34,"6":34,"7":34,"8":34,"9":34,"10":34,"11":6,"12":6,"13":6,"14":4,"15":1,"16":3,"17":2,"18":2,"19":6,"20":5,"21":6,"22":3,"23":6,"24":4,"25":1,"26":3,"27":3,"28":3,"29":3,"30":1,"31":2,"32":2,"33":2,"34":2,"35":1,"36":1,"37":2,"38":2,"39":2,"40":3,"41":5,"42":0,"43":0,"44":0,"45":2,"46":0,"47":0,"48":0,"49":2,"50":0,"51":1,"52":0},"f":{"0":34,"1":2,"2":4,"3":3,"4":3,"5":2,"6":2,"7":2,"8":2,"9":2,"10":3,"11":5},"b":{"0":[34,28,24],"1":[24,0],"2":[34,27],"3":[34,27],"4":[34,0],"5":[34,28],"6":[34,0],"7":[1,3],"8":[4,3,3,3],"9":[2,1],"10":[5,1],"11":[3,3],"12":[1,3],"13":[3,2],"14":[1,2],"15":[1,1],"16":[1,1],"17":[2,2],"18":[0,0,0,2,0,0,0,2,0,1,0]},"meta":{"lastBranch":19,"lastFunction":12,"lastStatement":53,"seen":{"f:52:2:52:14":0,"s:55:6:57:Infinity":0,"b:55:6:55:Infinity:56:6:56:Infinity:57:6:57:Infinity":0,"b:57:14:57:39:57:39:57:42":1,"s:58:4:58:Infinity":1,"s:60:4:60:Infinity":2,"s:61:4:61:Infinity":3,"b:61:16:61:39:61:39:61:Infinity":2,"s:62:4:62:Infinity":4,"b:62:17:62:41:62:41:62:Infinity":3,"s:63:4:63:Infinity":5,"b:63:18:63:43:63:43:63:Infinity":4,"s:64:4:64:Infinity":6,"b:64:18:64:43:64:43:64:Infinity":5,"s:65:4:65:Infinity":7,"s:66:4:66:Infinity":8,"b:69:4:71:Infinity:undefined:undefined:undefined:undefined":6,"s:69:4:71:Infinity":9,"s:70:6:70:Infinity":10,"f:78:15:78:28":1,"s:79:41:81:Infinity":11,"s:83:4:97:Infinity":12,"s:84:19:84:Infinity":13,"b:87:6:93:Infinity:89:6:93:Infinity":7,"s:87:6:93:Infinity":14,"b:87:10:87:23:87:23:87:37:87:37:87:52:87:52:87:65":8,"s:88:8:88:Infinity":15,"b:89:6:93:Infinity:undefined:undefined:undefined:undefined":9,"s:89:6:93:Infinity":16,"s:92:8:92:Infinity":17,"s:96:6:96:Infinity":18,"b:100:4:102:Infinity:undefined:undefined:undefined:undefined":10,"s:100:4:102:Infinity":19,"s:101:6:101:Infinity":20,"b:103:4:105:Infinity:undefined:undefined:undefined:undefined":11,"s:103:4:105:Infinity":21,"s:104:6:104:Infinity":22,"s:107:4:107:Infinity":23,"f:113:2:113:16":2,"b:114:4:114:Infinity:undefined:undefined:undefined:undefined":12,"s:114:4:114:Infinity":24,"s:114:22:114:Infinity":25,"s:115:16:117:Infinity":26,"f:116:6:116:7":3,"s:116:13:116:Infinity":27,"s:118:4:118:Infinity":28,"b:118:11:118:32:118:32:118:Infinity":13,"f:125:2:125:17":4,"b:126:4:126:Infinity:undefined:undefined:undefined:undefined":14,"s:126:4:126:Infinity":29,"s:126:22:126:Infinity":30,"s:127:16:129:Infinity":31,"f:128:6:128:7":5,"s:128:13:128:Infinity":32,"s:130:4:130:Infinity":33,"b:130:17:130:36:130:36:130:Infinity":15,"f:136:2:136:32":6,"b:137:4:137:Infinity:undefined:undefined:undefined:undefined":16,"s:137:4:137:Infinity":34,"s:137:22:137:Infinity":35,"s:138:4:138:Infinity":36,"f:144:2:144:31":7,"s:145:4:145:Infinity":37,"b:145:11:145:34:145:34:145:Infinity":17,"f:151:2:151:24":8,"s:152:4:152:Infinity":38,"f:158:2:158:28":9,"s:159:4:159:Infinity":39,"f:165:2:165:27":10,"s:166:4:166:Infinity":40,"f:173:9:173:25":11,"b:175:4:176:Infinity:177:4:178:Infinity:179:4:180:Infinity:181:4:182:Infinity:183:4:184:Infinity:185:4:186:Infinity:187:4:188:Infinity:189:4:190:Infinity:191:4:192:Infinity:193:4:194:Infinity:195:4:196:Infinity":18,"s:174:2:197:Infinity":41,"s:176:6:176:Infinity":42,"s:178:6:178:Infinity":43,"s:180:6:180:Infinity":44,"s:182:6:182:Infinity":45,"s:184:6:184:Infinity":46,"s:186:6:186:Infinity":47,"s:188:6:188:Infinity":48,"s:190:6:190:Infinity":49,"s:192:6:192:Infinity":50,"s:194:6:194:Infinity":51,"s:196:6:196:Infinity":52}}}
,"D:\\repositories\\Lumio\\src\\lumio-web\\src\\lib\\parseCalloutType.ts": {"path":"D:\\repositories\\Lumio\\src\\lumio-web\\src\\lib\\parseCalloutType.ts","statementMap":{"0":{"start":{"line":8,"column":50},"end":{"line":14,"column":null}},"1":{"start":{"line":22,"column":18},"end":{"line":22,"column":null}},"2":{"start":{"line":23,"column":2},"end":{"line":25,"column":null}},"3":{"start":{"line":24,"column":4},"end":{"line":24,"column":null}},"4":{"start":{"line":24,"column":31},"end":{"line":24,"column":null}},"5":{"start":{"line":26,"column":2},"end":{"line":26,"column":null}},"6":{"start":{"line":34,"column":2},"end":{"line":56,"column":null}},"7":{"start":{"line":36,"column":14},"end":{"line":36,"column":null}},"8":{"start":{"line":37,"column":24},"end":{"line":37,"column":null}},"9":{"start":{"line":41,"column":4},"end":{"line":41,"column":null}},"10":{"start":{"line":41,"column":21},"end":{"line":41,"column":null}},"11":{"start":{"line":42,"column":23},"end":{"line":42,"column":null}},"12":{"start":{"line":43,"column":4},"end":{"line":52,"column":null}},"13":{"start":{"line":44,"column":20},"end":{"line":44,"column":null}},"14":{"start":{"line":45,"column":6},"end":{"line":51,"column":null}},"15":{"start":{"line":46,"column":26},"end":{"line":46,"column":null}},"16":{"start":{"line":50,"column":8},"end":{"line":50,"column":null}},"17":{"start":{"line":50,"column":39},"end":{"line":50,"column":null}},"18":{"start":{"line":53,"column":4},"end":{"line":53,"column":null}},"19":{"start":{"line":55,"column":4},"end":{"line":55,"column":null}}},"fnMap":{"0":{"name":"parseCalloutType","decl":{"start":{"line":21,"column":16},"end":{"line":21,"column":33}},"loc":{"start":{"line":21,"column":72},"end":{"line":27,"column":null}},"line":21},"1":{"name":"extractCalloutPattern","decl":{"start":{"line":33,"column":16},"end":{"line":33,"column":38}},"loc":{"start":{"line":33,"column":61},"end":{"line":57,"column":null}},"line":33}},"branchMap":{"0":{"loc":{"start":{"line":24,"column":4},"end":{"line":24,"column":null}},"type":"if","locations":[{"start":{"line":24,"column":4},"end":{"line":24,"column":null}},{"start":{},"end":{}}],"line":24},"1":{"loc":{"start":{"line":41,"column":4},"end":{"line":41,"column":null}},"type":"if","locations":[{"start":{"line":41,"column":4},"end":{"line":41,"column":null}},{"start":{},"end":{}}],"line":41},"2":{"loc":{"start":{"line":42,"column":23},"end":{"line":42,"column":null}},"type":"binary-expr","locations":[{"start":{"line":42,"column":23},"end":{"line":42,"column":60}},{"start":{"line":42,"column":60},"end":{"line":42,"column":null}}],"line":42},"3":{"loc":{"start":{"line":45,"column":6},"end":{"line":51,"column":null}},"type":"if","locations":[{"start":{"line":45,"column":6},"end":{"line":51,"column":null}},{"start":{},"end":{}}],"line":45},"4":{"loc":{"start":{"line":50,"column":8},"end":{"line":50,"column":null}},"type":"if","locations":[{"start":{"line":50,"column":8},"end":{"line":50,"column":null}},{"start":{},"end":{}}],"line":50}},"s":{"0":1,"1":28,"2":28,"3":88,"4":25,"5":3,"6":0,"7":0,"8":0,"9":0,"10":0,"11":0,"12":0,"13":0,"14":0,"15":0,"16":0,"17":0,"18":0,"19":0},"f":{"0":28,"1":0},"b":{"0":[25,63],"1":[0,0],"2":[0,0],"3":[0,0],"4":[0,0]},"meta":{"lastBranch":5,"lastFunction":2,"lastStatement":20,"seen":{"s:8:50:14:Infinity":0,"f:21:16:21:33":0,"s:22:18:22:Infinity":1,"s:23:2:25:Infinity":2,"b:24:4:24:Infinity:undefined:undefined:undefined:undefined":0,"s:24:4:24:Infinity":3,"s:24:31:24:Infinity":4,"s:26:2:26:Infinity":5,"f:33:16:33:38":1,"s:34:2:56:Infinity":6,"s:36:14:36:Infinity":7,"s:37:24:37:Infinity":8,"b:41:4:41:Infinity:undefined:undefined:undefined:undefined":1,"s:41:4:41:Infinity":9,"s:41:21:41:Infinity":10,"s:42:23:42:Infinity":11,"b:42:23:42:60:42:60:42:Infinity":2,"s:43:4:52:Infinity":12,"s:44:20:44:Infinity":13,"b:45:6:51:Infinity:undefined:undefined:undefined:undefined":3,"s:45:6:51:Infinity":14,"s:46:26:46:Infinity":15,"b:50:8:50:Infinity:undefined:undefined:undefined:undefined":4,"s:50:8:50:Infinity":16,"s:50:39:50:Infinity":17,"s:53:4:53:Infinity":18,"s:55:4:55:Infinity":19}}}
,"D:\\repositories\\Lumio\\src\\lumio-web\\src\\lib\\parseToc.ts": {"path":"D:\\repositories\\Lumio\\src\\lumio-web\\src\\lib\\parseToc.ts","statementMap":{"0":{"start":{"line":14,"column":29},"end":{"line":14,"column":null}},"1":{"start":{"line":15,"column":23},"end":{"line":15,"column":null}},"2":{"start":{"line":18,"column":2},"end":{"line":22,"column":null}},"3":{"start":{"line":19,"column":18},"end":{"line":19,"column":null}},"4":{"start":{"line":20,"column":17},"end":{"line":20,"column":null}},"5":{"start":{"line":21,"column":4},"end":{"line":21,"column":null}},"6":{"start":{"line":24,"column":2},"end":{"line":24,"column":null}}},"fnMap":{"0":{"name":"parseToc","decl":{"start":{"line":13,"column":16},"end":{"line":13,"column":25}},"loc":{"start":{"line":13,"column":55},"end":{"line":25,"column":null}},"line":13}},"branchMap":{},"s":{"0":10,"1":10,"2":10,"3":10,"4":10,"5":10,"6":10},"f":{"0":10},"b":{},"meta":{"lastBranch":0,"lastFunction":1,"lastStatement":7,"seen":{"f:13:16:13:25":0,"s:14:29:14:Infinity":0,"s:15:23:15:Infinity":1,"s:18:2:22:Infinity":2,"s:19:18:19:Infinity":3,"s:20:17:20:Infinity":4,"s:21:4:21:Infinity":5,"s:24:2:24:Infinity":6}}}
,"D:\\repositories\\Lumio\\src\\lumio-web\\src\\lib\\slugify.ts": {"path":"D:\\repositories\\Lumio\\src\\lumio-web\\src\\lib\\slugify.ts","statementMap":{"0":{"start":{"line":6,"column":2},"end":{"line":15,"column":null}}},"fnMap":{"0":{"name":"slugify","decl":{"start":{"line":5,"column":16},"end":{"line":5,"column":24}},"loc":{"start":{"line":5,"column":46},"end":{"line":16,"column":null}},"line":5}},"branchMap":{},"s":{"0":30},"f":{"0":30},"b":{},"meta":{"lastBranch":0,"lastFunction":1,"lastStatement":1,"seen":{"f:5:16:5:24":0,"s:6:2:15:Infinity":0}}}
,"D:\\repositories\\Lumio\\src\\lumio-web\\src\\lib\\utils.ts": {"path":"D:\\repositories\\Lumio\\src\\lumio-web\\src\\lib\\utils.ts","statementMap":{"0":{"start":{"line":5,"column":2},"end":{"line":5,"column":null}}},"fnMap":{"0":{"name":"cn","decl":{"start":{"line":4,"column":16},"end":{"line":4,"column":22}},"loc":{"start":{"line":4,"column":44},"end":{"line":6,"column":null}},"line":4}},"branchMap":{},"s":{"0":8},"f":{"0":8},"b":{},"meta":{"lastBranch":0,"lastFunction":1,"lastStatement":1,"seen":{"f:4:16:4:22":0,"s:5:2:5:Infinity":0}}}
,"D:\\repositories\\Lumio\\src\\lumio-web\\src\\lib\\schemas\\instellingen.ts": {"path":"D:\\repositories\\Lumio\\src\\lumio-web\\src\\lib\\schemas\\instellingen.ts","statementMap":{"0":{"start":{"line":17,"column":36},"end":{"line":26,"column":null}},"1":{"start":{"line":23,"column":20},"end":{"line":23,"column":70}},"2":{"start":{"line":35,"column":35},"end":{"line":40,"column":null}},"3":{"start":{"line":49,"column":35},"end":{"line":51,"column":null}},"4":{"start":{"line":59,"column":35},"end":{"line":61,"column":null}},"5":{"start":{"line":70,"column":38},"end":{"line":80,"column":null}},"6":{"start":{"line":75,"column":12},"end":{"line":75,"column":null}}},"fnMap":{"0":{"name":"(anonymous_0)","decl":{"start":{"line":23,"column":10},"end":{"line":23,"column":11}},"loc":{"start":{"line":23,"column":20},"end":{"line":23,"column":70}},"line":23},"1":{"name":"(anonymous_1)","decl":{"start":{"line":75,"column":2},"end":{"line":75,"column":3}},"loc":{"start":{"line":75,"column":12},"end":{"line":75,"column":null}},"line":75}},"branchMap":{"0":{"loc":{"start":{"line":75,"column":12},"end":{"line":75,"column":null}},"type":"binary-expr","locations":[{"start":{"line":75,"column":12},"end":{"line":75,"column":30}},{"start":{"line":75,"column":30},"end":{"line":75,"column":42}},{"start":{"line":75,"column":42},"end":{"line":75,"column":null}}],"line":75}},"s":{"0":1,"1":4,"2":1,"3":1,"4":1,"5":1,"6":5},"f":{"0":4,"1":5},"b":{"0":[5,4,4]},"meta":{"lastBranch":1,"lastFunction":2,"lastStatement":7,"seen":{"s:17:36:26:Infinity":0,"f:23:10:23:11":0,"s:23:20:23:70":1,"s:35:35:40:Infinity":2,"s:49:35:51:Infinity":3,"s:59:35:61:Infinity":4,"s:70:38:80:Infinity":5,"f:75:2:75:3":1,"s:75:12:75:Infinity":6,"b:75:12:75:30:75:30:75:42:75:42:75:Infinity":0}}}
,"D:\\repositories\\Lumio\\src\\lumio-web\\src\\stores\\authStore.ts": {"path":"D:\\repositories\\Lumio\\src\\lumio-web\\src\\stores\\authStore.ts","statementMap":{"0":{"start":{"line":34,"column":13},"end":{"line":67,"column":null}},"1":{"start":{"line":34,"column":56},"end":{"line":67,"column":2}},"2":{"start":{"line":44,"column":25},"end":{"line":44,"column":null}},"3":{"start":{"line":44,"column":37},"end":{"line":44,"column":86}},"4":{"start":{"line":45,"column":29},"end":{"line":45,"column":null}},"5":{"start":{"line":46,"column":29},"end":{"line":46,"column":null}},"6":{"start":{"line":47,"column":29},"end":{"line":47,"column":null}},"7":{"start":{"line":48,"column":27},"end":{"line":48,"column":null}},"8":{"start":{"line":49,"column":29},"end":{"line":49,"column":null}},"9":{"start":{"line":50,"column":33},"end":{"line":50,"column":null}},"10":{"start":{"line":51,"column":36},"end":{"line":51,"column":null}},"11":{"start":{"line":52,"column":40},"end":{"line":52,"column":null}},"12":{"start":{"line":54,"column":4},"end":{"line":58,"column":null}},"13":{"start":{"line":55,"column":6},"end":{"line":55,"column":null}},"14":{"start":{"line":59,"column":4},"end":{"line":65,"column":null}}},"fnMap":{"0":{"name":"(anonymous_0)","decl":{"start":{"line":34,"column":46},"end":{"line":34,"column":47}},"loc":{"start":{"line":34,"column":56},"end":{"line":67,"column":2}},"line":34},"1":{"name":"(anonymous_1)","decl":{"start":{"line":44,"column":19},"end":{"line":44,"column":25}},"loc":{"start":{"line":44,"column":25},"end":{"line":44,"column":null}},"line":44},"2":{"name":"(anonymous_2)","decl":{"start":{"line":44,"column":29},"end":{"line":44,"column":30}},"loc":{"start":{"line":44,"column":37},"end":{"line":44,"column":86}},"line":44},"3":{"name":"(anonymous_3)","decl":{"start":{"line":45,"column":15},"end":{"line":45,"column":16}},"loc":{"start":{"line":45,"column":29},"end":{"line":45,"column":null}},"line":45},"4":{"name":"(anonymous_4)","decl":{"start":{"line":46,"column":15},"end":{"line":46,"column":16}},"loc":{"start":{"line":46,"column":29},"end":{"line":46,"column":null}},"line":46},"5":{"name":"(anonymous_5)","decl":{"start":{"line":47,"column":15},"end":{"line":47,"column":16}},"loc":{"start":{"line":47,"column":29},"end":{"line":47,"column":null}},"line":47},"6":{"name":"(anonymous_6)","decl":{"start":{"line":48,"column":14},"end":{"line":48,"column":15}},"loc":{"start":{"line":48,"column":27},"end":{"line":48,"column":null}},"line":48},"7":{"name":"(anonymous_7)","decl":{"start":{"line":49,"column":15},"end":{"line":49,"column":16}},"loc":{"start":{"line":49,"column":29},"end":{"line":49,"column":null}},"line":49},"8":{"name":"(anonymous_8)","decl":{"start":{"line":50,"column":20},"end":{"line":50,"column":21}},"loc":{"start":{"line":50,"column":33},"end":{"line":50,"column":null}},"line":50},"9":{"name":"(anonymous_9)","decl":{"start":{"line":51,"column":22},"end":{"line":51,"column":23}},"loc":{"start":{"line":51,"column":36},"end":{"line":51,"column":null}},"line":51},"10":{"name":"(anonymous_10)","decl":{"start":{"line":52,"column":24},"end":{"line":52,"column":25}},"loc":{"start":{"line":52,"column":40},"end":{"line":52,"column":null}},"line":52},"11":{"name":"(anonymous_11)","decl":{"start":{"line":53,"column":8},"end":{"line":53,"column":14}},"loc":{"start":{"line":53,"column":14},"end":{"line":66,"column":null}},"line":53}},"branchMap":{},"s":{"0":1,"1":1,"2":0,"3":0,"4":2,"5":0,"6":0,"7":0,"8":1,"9":1,"10":0,"11":0,"12":1,"13":1,"14":1},"f":{"0":1,"1":0,"2":0,"3":2,"4":0,"5":0,"6":0,"7":1,"8":1,"9":0,"10":0,"11":1},"b":{},"meta":{"lastBranch":0,"lastFunction":12,"lastStatement":15,"seen":{"s:34:13:67:Infinity":0,"f:34:46:34:47":0,"s:34:56:67:2":1,"f:44:19:44:25":1,"s:44:25:44:Infinity":2,"f:44:29:44:30":2,"s:44:37:44:86":3,"f:45:15:45:16":3,"s:45:29:45:Infinity":4,"f:46:15:46:16":4,"s:46:29:46:Infinity":5,"f:47:15:47:16":5,"s:47:29:47:Infinity":6,"f:48:14:48:15":6,"s:48:27:48:Infinity":7,"f:49:15:49:16":7,"s:49:29:49:Infinity":8,"f:50:20:50:21":8,"s:50:33:50:Infinity":9,"f:51:22:51:23":9,"s:51:36:51:Infinity":10,"f:52:24:52:25":10,"s:52:40:52:Infinity":11,"f:53:8:53:14":11,"s:54:4:58:Infinity":12,"s:55:6:55:Infinity":13,"s:59:4:65:Infinity":14}}}
,"D:\\repositories\\Lumio\\src\\lumio-web\\src\\stores\\helpStore.ts": {"path":"D:\\repositories\\Lumio\\src\\lumio-web\\src\\stores\\helpStore.ts","statementMap":{"0":{"start":{"line":23,"column":13},"end":{"line":51,"column":null}},"1":{"start":{"line":23,"column":56},"end":{"line":51,"column":2}},"2":{"start":{"line":29,"column":4},"end":{"line":29,"column":null}},"3":{"start":{"line":32,"column":4},"end":{"line":32,"column":null}},"4":{"start":{"line":35,"column":4},"end":{"line":44,"column":null}},"5":{"start":{"line":36,"column":6},"end":{"line":38,"column":null}},"6":{"start":{"line":37,"column":8},"end":{"line":37,"column":null}},"7":{"start":{"line":39,"column":6},"end":{"line":43,"column":null}},"8":{"start":{"line":47,"column":4},"end":{"line":47,"column":null}},"9":{"start":{"line":50,"column":4},"end":{"line":50,"column":null}}},"fnMap":{"0":{"name":"(anonymous_0)","decl":{"start":{"line":23,"column":46},"end":{"line":23,"column":47}},"loc":{"start":{"line":23,"column":56},"end":{"line":51,"column":2}},"line":23},"1":{"name":"(anonymous_1)","decl":{"start":{"line":28,"column":13},"end":{"line":28,"column":14}},"loc":{"start":{"line":29,"column":4},"end":{"line":29,"column":null}},"line":29},"2":{"name":"(anonymous_2)","decl":{"start":{"line":31,"column":14},"end":{"line":31,"column":null}},"loc":{"start":{"line":32,"column":4},"end":{"line":32,"column":null}},"line":32},"3":{"name":"(anonymous_3)","decl":{"start":{"line":34,"column":15},"end":{"line":34,"column":16}},"loc":{"start":{"line":35,"column":4},"end":{"line":44,"column":null}},"line":35},"4":{"name":"(anonymous_4)","decl":{"start":{"line":35,"column":8},"end":{"line":35,"column":9}},"loc":{"start":{"line":35,"column":19},"end":{"line":44,"column":5}},"line":35},"5":{"name":"(anonymous_5)","decl":{"start":{"line":46,"column":20},"end":{"line":46,"column":21}},"loc":{"start":{"line":47,"column":4},"end":{"line":47,"column":null}},"line":47},"6":{"name":"(anonymous_6)","decl":{"start":{"line":49,"column":15},"end":{"line":49,"column":null}},"loc":{"start":{"line":50,"column":4},"end":{"line":50,"column":null}},"line":50}},"branchMap":{"0":{"loc":{"start":{"line":29,"column":66},"end":{"line":29,"column":81}},"type":"binary-expr","locations":[{"start":{"line":29,"column":66},"end":{"line":29,"column":76}},{"start":{"line":29,"column":76},"end":{"line":29,"column":81}}],"line":29},"1":{"loc":{"start":{"line":36,"column":6},"end":{"line":38,"column":null}},"type":"if","locations":[{"start":{"line":36,"column":6},"end":{"line":38,"column":null}},{"start":{},"end":{}}],"line":36},"2":{"loc":{"start":{"line":36,"column":10},"end":{"line":36,"column":63}},"type":"binary-expr","locations":[{"start":{"line":36,"column":10},"end":{"line":36,"column":29}},{"start":{"line":36,"column":29},"end":{"line":36,"column":63}}],"line":36},"3":{"loc":{"start":{"line":41,"column":27},"end":{"line":41,"column":null}},"type":"binary-expr","locations":[{"start":{"line":41,"column":27},"end":{"line":41,"column":35}},{"start":{"line":41,"column":35},"end":{"line":41,"column":null}}],"line":41}},"s":{"0":1,"1":1,"2":4,"3":1,"4":3,"5":3,"6":1,"7":2,"8":1,"9":0},"f":{"0":1,"1":4,"2":1,"3":3,"4":3,"5":1,"6":0},"b":{"0":[4,4],"1":[1,2],"2":[3,2],"3":[2,0]},"meta":{"lastBranch":4,"lastFunction":7,"lastStatement":10,"seen":{"s:23:13:51:Infinity":0,"f:23:46:23:47":0,"s:23:56:51:2":1,"f:28:13:28:14":1,"s:29:4:29:Infinity":2,"b:29:66:29:76:29:76:29:81":0,"f:31:14:31:Infinity":2,"s:32:4:32:Infinity":3,"f:34:15:34:16":3,"s:35:4:44:Infinity":4,"f:35:8:35:9":4,"b:36:6:38:Infinity:undefined:undefined:undefined:undefined":1,"s:36:6:38:Infinity":5,"b:36:10:36:29:36:29:36:63":2,"s:37:8:37:Infinity":6,"s:39:6:43:Infinity":7,"b:41:27:41:35:41:35:41:Infinity":3,"f:46:20:46:21":5,"s:47:4:47:Infinity":8,"f:49:15:49:Infinity":6,"s:50:4:50:Infinity":9}}}
,"D:\\repositories\\Lumio\\src\\lumio-web\\src\\stores\\preferencesStore.ts": {"path":"D:\\repositories\\Lumio\\src\\lumio-web\\src\\stores\\preferencesStore.ts","statementMap":{"0":{"start":{"line":3,"column":27},"end":{"line":3,"column":null}},"1":{"start":{"line":6,"column":2},"end":{"line":6,"column":null}},"2":{"start":{"line":50,"column":48},"end":{"line":65,"column":null}},"3":{"start":{"line":70,"column":2},"end":{"line":76,"column":null}},"4":{"start":{"line":71,"column":16},"end":{"line":71,"column":null}},"5":{"start":{"line":72,"column":4},"end":{"line":72,"column":null}},"6":{"start":{"line":72,"column":14},"end":{"line":72,"column":null}},"7":{"start":{"line":73,"column":4},"end":{"line":73,"column":null}},"8":{"start":{"line":75,"column":4},"end":{"line":75,"column":null}},"9":{"start":{"line":80,"column":2},"end":{"line":100,"column":null}},"10":{"start":{"line":81,"column":44},"end":{"line":96,"column":null}},"11":{"start":{"line":97,"column":4},"end":{"line":97,"column":null}},"12":{"start":{"line":105,"column":13},"end":{"line":159,"column":null}},"13":{"start":{"line":105,"column":75},"end":{"line":159,"column":2}},"14":{"start":{"line":111,"column":18},"end":{"line":111,"column":null}},"15":{"start":{"line":112,"column":4},"end":{"line":112,"column":null}},"16":{"start":{"line":117,"column":4},"end":{"line":117,"column":null}},"17":{"start":{"line":118,"column":4},"end":{"line":118,"column":null}},"18":{"start":{"line":122,"column":20},"end":{"line":122,"column":null}},"19":{"start":{"line":123,"column":17},"end":{"line":125,"column":null}},"20":{"start":{"line":124,"column":30},"end":{"line":124,"column":42}},"21":{"start":{"line":126,"column":4},"end":{"line":126,"column":null}},"22":{"start":{"line":127,"column":4},"end":{"line":127,"column":null}},"23":{"start":{"line":131,"column":4},"end":{"line":131,"column":null}},"24":{"start":{"line":132,"column":4},"end":{"line":132,"column":null}},"25":{"start":{"line":136,"column":4},"end":{"line":136,"column":null}},"26":{"start":{"line":137,"column":4},"end":{"line":137,"column":null}},"27":{"start":{"line":141,"column":4},"end":{"line":141,"column":null}},"28":{"start":{"line":142,"column":4},"end":{"line":142,"column":null}},"29":{"start":{"line":146,"column":4},"end":{"line":146,"column":null}},"30":{"start":{"line":147,"column":4},"end":{"line":147,"column":null}},"31":{"start":{"line":151,"column":4},"end":{"line":151,"column":null}},"32":{"start":{"line":152,"column":4},"end":{"line":152,"column":null}},"33":{"start":{"line":156,"column":4},"end":{"line":156,"column":null}},"34":{"start":{"line":157,"column":4},"end":{"line":157,"column":null}}},"fnMap":{"0":{"name":"storageKey","decl":{"start":{"line":5,"column":9},"end":{"line":5,"column":20}},"loc":{"start":{"line":5,"column":46},"end":{"line":7,"column":null}},"line":5},"1":{"name":"load","decl":{"start":{"line":69,"column":9},"end":{"line":69,"column":14}},"loc":{"start":{"line":69,"column":62},"end":{"line":77,"column":null}},"line":69},"2":{"name":"save","decl":{"start":{"line":79,"column":9},"end":{"line":79,"column":14}},"loc":{"start":{"line":79,"column":39},"end":{"line":101,"column":null}},"line":79},"3":{"name":"(anonymous_3)","decl":{"start":{"line":105,"column":60},"end":{"line":105,"column":61}},"loc":{"start":{"line":105,"column":75},"end":{"line":159,"column":2}},"line":105},"4":{"name":"(anonymous_4)","decl":{"start":{"line":110,"column":15},"end":{"line":110,"column":16}},"loc":{"start":{"line":110,"column":30},"end":{"line":113,"column":null}},"line":110},"5":{"name":"(anonymous_5)","decl":{"start":{"line":116,"column":17},"end":{"line":116,"column":18}},"loc":{"start":{"line":116,"column":26},"end":{"line":119,"column":null}},"line":116},"6":{"name":"(anonymous_6)","decl":{"start":{"line":121,"column":21},"end":{"line":121,"column":22}},"loc":{"start":{"line":121,"column":33},"end":{"line":128,"column":null}},"line":121},"7":{"name":"(anonymous_7)","decl":{"start":{"line":124,"column":23},"end":{"line":124,"column":24}},"loc":{"start":{"line":124,"column":30},"end":{"line":124,"column":42}},"line":124},"8":{"name":"(anonymous_8)","decl":{"start":{"line":130,"column":28},"end":{"line":130,"column":29}},"loc":{"start":{"line":130,"column":39},"end":{"line":133,"column":null}},"line":130},"9":{"name":"(anonymous_9)","decl":{"start":{"line":135,"column":21},"end":{"line":135,"column":22}},"loc":{"start":{"line":135,"column":32},"end":{"line":138,"column":null}},"line":135},"10":{"name":"(anonymous_10)","decl":{"start":{"line":140,"column":32},"end":{"line":140,"column":33}},"loc":{"start":{"line":140,"column":43},"end":{"line":143,"column":null}},"line":140},"11":{"name":"(anonymous_11)","decl":{"start":{"line":145,"column":33},"end":{"line":145,"column":34}},"loc":{"start":{"line":145,"column":44},"end":{"line":148,"column":null}},"line":145},"12":{"name":"(anonymous_12)","decl":{"start":{"line":150,"column":18},"end":{"line":150,"column":24}},"loc":{"start":{"line":150,"column":24},"end":{"line":153,"column":null}},"line":150},"13":{"name":"(anonymous_13)","decl":{"start":{"line":155,"column":17},"end":{"line":155,"column":23}},"loc":{"start":{"line":155,"column":23},"end":{"line":158,"column":null}},"line":155}},"branchMap":{"0":{"loc":{"start":{"line":6,"column":9},"end":{"line":6,"column":null}},"type":"cond-expr","locations":[{"start":{"line":6,"column":21},"end":{"line":6,"column":60}},{"start":{"line":6,"column":60},"end":{"line":6,"column":null}}],"line":6},"1":{"loc":{"start":{"line":72,"column":4},"end":{"line":72,"column":null}},"type":"if","locations":[{"start":{"line":72,"column":4},"end":{"line":72,"column":null}},{"start":{},"end":{}}],"line":72},"2":{"loc":{"start":{"line":123,"column":17},"end":{"line":125,"column":null}},"type":"cond-expr","locations":[{"start":{"line":124,"column":8},"end":{"line":124,"column":null}},{"start":{"line":125,"column":8},"end":{"line":125,"column":null}}],"line":123}},"s":{"0":1,"1":13,"2":1,"3":4,"4":4,"5":4,"6":3,"7":1,"8":0,"9":9,"10":9,"11":9,"12":1,"13":1,"14":4,"15":4,"16":7,"17":7,"18":0,"19":0,"20":0,"21":0,"22":0,"23":0,"24":0,"25":0,"26":0,"27":0,"28":0,"29":0,"30":0,"31":2,"32":2,"33":0,"34":0},"f":{"0":13,"1":4,"2":9,"3":1,"4":4,"5":7,"6":0,"7":0,"8":0,"9":0,"10":0,"11":0,"12":2,"13":0},"b":{"0":[7,6],"1":[3,1],"2":[0,0]},"meta":{"lastBranch":3,"lastFunction":14,"lastStatement":35,"seen":{"s:3:27:3:Infinity":0,"f:5:9:5:20":0,"s:6:2:6:Infinity":1,"b:6:21:6:60:6:60:6:Infinity":0,"s:50:48:65:Infinity":2,"f:69:9:69:14":1,"s:70:2:76:Infinity":3,"s:71:16:71:Infinity":4,"b:72:4:72:Infinity:undefined:undefined:undefined:undefined":1,"s:72:4:72:Infinity":5,"s:72:14:72:Infinity":6,"s:73:4:73:Infinity":7,"s:75:4:75:Infinity":8,"f:79:9:79:14":2,"s:80:2:100:Infinity":9,"s:81:44:96:Infinity":10,"s:97:4:97:Infinity":11,"s:105:13:159:Infinity":12,"f:105:60:105:61":3,"s:105:75:159:2":13,"f:110:15:110:16":4,"s:111:18:111:Infinity":14,"s:112:4:112:Infinity":15,"f:116:17:116:18":5,"s:117:4:117:Infinity":16,"s:118:4:118:Infinity":17,"f:121:21:121:22":6,"s:122:20:122:Infinity":18,"s:123:17:125:Infinity":19,"b:124:8:124:Infinity:125:8:125:Infinity":2,"f:124:23:124:24":7,"s:124:30:124:42":20,"s:126:4:126:Infinity":21,"s:127:4:127:Infinity":22,"f:130:28:130:29":8,"s:131:4:131:Infinity":23,"s:132:4:132:Infinity":24,"f:135:21:135:22":9,"s:136:4:136:Infinity":25,"s:137:4:137:Infinity":26,"f:140:32:140:33":10,"s:141:4:141:Infinity":27,"s:142:4:142:Infinity":28,"f:145:33:145:34":11,"s:146:4:146:Infinity":29,"s:147:4:147:Infinity":30,"f:150:18:150:24":12,"s:151:4:151:Infinity":31,"s:152:4:152:Infinity":32,"f:155:17:155:23":13,"s:156:4:156:Infinity":33,"s:157:4:157:Infinity":34}}}
,"D:\\repositories\\Lumio\\src\\lumio-web\\src\\stores\\toastStore.ts": {"path":"D:\\repositories\\Lumio\\src\\lumio-web\\src\\stores\\toastStore.ts","statementMap":{"0":{"start":{"line":22,"column":14},"end":{"line":22,"column":null}},"1":{"start":{"line":24,"column":13},"end":{"line":41,"column":null}},"2":{"start":{"line":24,"column":58},"end":{"line":41,"column":2}},"3":{"start":{"line":28,"column":15},"end":{"line":28,"column":null}},"4":{"start":{"line":29,"column":4},"end":{"line":31,"column":null}},"5":{"start":{"line":29,"column":20},"end":{"line":31,"column":6}},"6":{"start":{"line":32,"column":4},"end":{"line":32,"column":null}},"7":{"start":{"line":36,"column":4},"end":{"line":38,"column":null}},"8":{"start":{"line":36,"column":20},"end":{"line":38,"column":6}},"9":{"start":{"line":37,"column":41},"end":{"line":37,"column":52}},"10":{"start":{"line":40,"column":21},"end":{"line":40,"column":null}},"11":{"start":{"line":44,"column":21},"end":{"line":53,"column":null}},"12":{"start":{"line":46,"column":4},"end":{"line":46,"column":null}},"13":{"start":{"line":48,"column":4},"end":{"line":48,"column":null}},"14":{"start":{"line":50,"column":4},"end":{"line":50,"column":null}},"15":{"start":{"line":52,"column":4},"end":{"line":52,"column":null}}},"fnMap":{"0":{"name":"(anonymous_0)","decl":{"start":{"line":24,"column":48},"end":{"line":24,"column":49}},"loc":{"start":{"line":24,"column":58},"end":{"line":41,"column":2}},"line":24},"1":{"name":"(anonymous_1)","decl":{"start":{"line":27,"column":12},"end":{"line":27,"column":13}},"loc":{"start":{"line":27,"column":23},"end":{"line":33,"column":null}},"line":27},"2":{"name":"(anonymous_2)","decl":{"start":{"line":29,"column":8},"end":{"line":29,"column":9}},"loc":{"start":{"line":29,"column":20},"end":{"line":31,"column":6}},"line":29},"3":{"name":"(anonymous_3)","decl":{"start":{"line":35,"column":15},"end":{"line":35,"column":16}},"loc":{"start":{"line":36,"column":4},"end":{"line":38,"column":null}},"line":36},"4":{"name":"(anonymous_4)","decl":{"start":{"line":36,"column":8},"end":{"line":36,"column":9}},"loc":{"start":{"line":36,"column":20},"end":{"line":38,"column":6}},"line":36},"5":{"name":"(anonymous_5)","decl":{"start":{"line":37,"column":34},"end":{"line":37,"column":35}},"loc":{"start":{"line":37,"column":41},"end":{"line":37,"column":52}},"line":37},"6":{"name":"(anonymous_6)","decl":{"start":{"line":40,"column":15},"end":{"line":40,"column":21}},"loc":{"start":{"line":40,"column":21},"end":{"line":40,"column":null}},"line":40},"7":{"name":"(anonymous_7)","decl":{"start":{"line":45,"column":11},"end":{"line":45,"column":12}},"loc":{"start":{"line":46,"column":4},"end":{"line":46,"column":null}},"line":46},"8":{"name":"(anonymous_8)","decl":{"start":{"line":47,"column":9},"end":{"line":47,"column":10}},"loc":{"start":{"line":48,"column":4},"end":{"line":48,"column":null}},"line":48},"9":{"name":"(anonymous_9)","decl":{"start":{"line":49,"column":11},"end":{"line":49,"column":12}},"loc":{"start":{"line":50,"column":4},"end":{"line":50,"column":null}},"line":50},"10":{"name":"(anonymous_10)","decl":{"start":{"line":51,"column":8},"end":{"line":51,"column":9}},"loc":{"start":{"line":52,"column":4},"end":{"line":52,"column":null}},"line":52}},"branchMap":{},"s":{"0":1,"1":1,"2":1,"3":23,"4":23,"5":23,"6":23,"7":4,"8":4,"9":4,"10":20,"11":1,"12":3,"13":2,"14":2,"15":1},"f":{"0":1,"1":23,"2":23,"3":4,"4":4,"5":4,"6":20,"7":3,"8":2,"9":2,"10":1},"b":{},"meta":{"lastBranch":0,"lastFunction":11,"lastStatement":16,"seen":{"s:22:14:22:Infinity":0,"s:24:13:41:Infinity":1,"f:24:48:24:49":0,"s:24:58:41:2":2,"f:27:12:27:13":1,"s:28:15:28:Infinity":3,"s:29:4:31:Infinity":4,"f:29:8:29:9":2,"s:29:20:31:6":5,"s:32:4:32:Infinity":6,"f:35:15:35:16":3,"s:36:4:38:Infinity":7,"f:36:8:36:9":4,"s:36:20:38:6":8,"f:37:34:37:35":5,"s:37:41:37:52":9,"f:40:15:40:21":6,"s:40:21:40:Infinity":10,"s:44:21:53:Infinity":11,"f:45:11:45:12":7,"s:46:4:46:Infinity":12,"f:47:9:47:10":8,"s:48:4:48:Infinity":13,"f:49:11:49:12":9,"s:50:4:50:Infinity":14,"f:51:8:51:9":10,"s:52:4:52:Infinity":15}}}
}
