TN:
SF:src\lib\afsluit-instructies.ts
FN:237,zoekAfsluitInstructie
FN:241,(anonymous_1)
FN:243,(anonymous_2)
FN:252,zoekAfsluitInstructiesVoorCategorie
FN:256,(anonymous_4)
FNF:5
FNH:0
FNDA:0,zoekAfsluitInstructie
FNDA:0,(anonymous_1)
FNDA:0,(anonymous_2)
FNDA:0,zoekAfsluitInstructiesVoorCategorie
FNDA:0,(anonymous_4)
DA:19,0
DA:240,0
DA:241,0
DA:242,0
DA:243,0
DA:255,0
DA:256,0
LF:7
LH:0
BRDA:243,0,0,0
BRDA:243,0,1,0
BRF:2
BRH:0
end_of_record
TN:
SF:src\lib\api-client.ts
FN:7,getApiUrl
FN:20,getLocale
FN:27,request
FN:32,(anonymous_3)
FN:65,(anonymous_4)
FN:66,(anonymous_5)
FN:72,(anonymous_6)
FN:78,(anonymous_7)
FN:84,(anonymous_8)
FN:85,(anonymous_9)
FN:91,(anonymous_10)
FN:96,(anonymous_11)
FN:98,(anonymous_12)
FN:136,downloadAndSave
FNF:14
FNH:8
FNDA:0,getApiUrl
FNDA:16,getLocale
FNDA:13,request
FNDA:0,(anonymous_3)
FNDA:8,(anonymous_4)
FNDA:2,(anonymous_5)
FNDA:1,(anonymous_6)
FNDA:0,(anonymous_7)
FNDA:1,(anonymous_8)
FNDA:1,(anonymous_9)
FNDA:0,(anonymous_10)
FNDA:3,(anonymous_11)
FNDA:0,(anonymous_12)
FNDA:0,downloadAndSave
DA:4,1
DA:8,0
DA:18,1
DA:21,16
DA:22,16
DA:24,0
DA:31,13
DA:32,13
DA:34,13
DA:35,13
DA:44,12
DA:45,1
DA:48,11
DA:49,2
DA:52,9
DA:53,6
DA:55,4
DA:56,1
DA:58,3
DA:60,13
DA:64,1
DA:65,8
DA:67,2
DA:73,1
DA:79,0
DA:84,1
DA:86,1
DA:92,0
DA:97,3
DA:98,3
DA:100,3
DA:101,3
DA:110,3
DA:111,3
DA:112,0
DA:114,3
DA:115,3
DA:116,3
DA:117,3
DA:118,3
DA:120,0
DA:121,0
DA:123,0
DA:125,3
DA:141,0
DA:142,0
DA:143,0
DA:144,0
DA:145,0
DA:146,0
DA:147,0
LF:51
LH:36
BRDA:4,0,0,1
BRDA:4,0,1,1
BRDA:21,1,0,16
BRDA:21,1,1,0
BRDA:22,2,0,16
BRDA:22,2,1,15
BRDA:44,3,0,1
BRDA:44,3,1,11
BRDA:48,4,0,2
BRDA:48,4,1,9
BRDA:52,5,0,3
BRDA:52,5,1,6
BRDA:55,6,0,1
BRDA:55,6,1,3
BRDA:55,7,0,4
BRDA:55,7,1,1
BRDA:70,8,0,1
BRDA:70,8,1,1
BRDA:76,9,0,1
BRDA:76,9,1,0
BRDA:82,10,0,0
BRDA:82,10,1,0
BRDA:89,11,0,1
BRDA:89,11,1,0
BRDA:102,12,0,3
BRDA:102,12,1,2
BRDA:106,13,0,1
BRDA:106,13,1,2
BRDA:108,14,0,1
BRDA:108,14,1,2
BRDA:110,15,0,0
BRDA:110,15,1,3
BRDA:111,16,0,0
BRDA:111,16,1,3
BRDA:117,17,0,3
BRDA:117,17,1,2
BRDA:120,18,0,0
BRDA:120,18,1,0
BRDA:120,19,0,0
BRDA:120,19,1,0
BRDA:145,20,0,0
BRDA:145,20,1,0
BRF:42
BRH:29
end_of_record
TN:
SF:src\lib\api-error.ts
FN:52,(anonymous_0)
FN:78,(anonymous_1)
FN:113,(anonymous_2)
FN:116,(anonymous_3)
FN:125,(anonymous_4)
FN:128,(anonymous_5)
FN:136,(anonymous_6)
FN:144,(anonymous_7)
FN:151,(anonymous_8)
FN:158,(anonymous_9)
FN:165,(anonymous_10)
FN:173,getDefaultTitle
FNF:12
FNH:12
FNDA:32,(anonymous_0)
FNDA:2,(anonymous_1)
FNDA:4,(anonymous_2)
FNDA:3,(anonymous_3)
FNDA:3,(anonymous_4)
FNDA:2,(anonymous_5)
FNDA:2,(anonymous_6)
FNDA:2,(anonymous_7)
FNDA:2,(anonymous_8)
FNDA:2,(anonymous_9)
FNDA:3,(anonymous_10)
FNDA:5,getDefaultTitle
DA:55,32
DA:58,32
DA:60,32
DA:61,32
DA:62,32
DA:63,32
DA:64,32
DA:65,32
DA:66,32
DA:69,32
DA:70,32
DA:79,6
DA:83,6
DA:84,6
DA:87,4
DA:88,1
DA:89,3
DA:92,2
DA:96,2
DA:100,6
DA:101,5
DA:103,6
DA:104,3
DA:107,6
DA:114,4
DA:115,3
DA:116,3
DA:118,3
DA:126,3
DA:127,2
DA:128,2
DA:130,2
DA:137,2
DA:138,1
DA:145,2
DA:152,2
DA:159,2
DA:166,3
DA:174,5
DA:176,0
DA:178,0
DA:180,0
DA:182,2
DA:184,0
DA:186,0
DA:188,0
DA:190,2
DA:192,0
DA:194,1
DA:196,0
LF:50
LH:42
BRDA:55,0,0,32
BRDA:55,0,1,28
BRDA:55,0,2,24
BRDA:57,1,0,24
BRDA:57,1,1,0
BRDA:61,2,0,32
BRDA:61,2,1,25
BRDA:62,3,0,32
BRDA:62,3,1,25
BRDA:63,4,0,32
BRDA:63,4,1,0
BRDA:64,5,0,32
BRDA:64,5,1,28
BRDA:69,6,0,32
BRDA:69,6,1,0
BRDA:87,7,0,1
BRDA:87,7,1,3
BRDA:87,8,0,4
BRDA:87,8,1,3
BRDA:87,8,2,3
BRDA:87,8,3,3
BRDA:89,9,0,2
BRDA:89,9,1,1
BRDA:100,10,0,5
BRDA:100,10,1,1
BRDA:103,11,0,3
BRDA:103,11,1,3
BRDA:114,12,0,1
BRDA:114,12,1,3
BRDA:118,13,0,3
BRDA:118,13,1,2
BRDA:126,14,0,1
BRDA:126,14,1,2
BRDA:130,15,0,1
BRDA:130,15,1,1
BRDA:137,16,0,1
BRDA:137,16,1,1
BRDA:145,17,0,2
BRDA:145,17,1,2
BRDA:174,18,0,0
BRDA:174,18,1,0
BRDA:174,18,2,0
BRDA:174,18,3,2
BRDA:174,18,4,0
BRDA:174,18,5,0
BRDA:174,18,6,0
BRDA:174,18,7,2
BRDA:174,18,8,0
BRDA:174,18,9,1
BRDA:174,18,10,0
BRF:50
BRH:39
end_of_record
TN:
SF:src\lib\parseCalloutType.ts
FN:21,parseCalloutType
FN:33,extractCalloutPattern
FNF:2
FNH:1
FNDA:28,parseCalloutType
FNDA:0,extractCalloutPattern
DA:8,1
DA:22,28
DA:23,28
DA:24,88
DA:26,3
DA:34,0
DA:36,0
DA:37,0
DA:41,0
DA:42,0
DA:43,0
DA:44,0
DA:45,0
DA:46,0
DA:50,0
DA:53,0
DA:55,0
LF:17
LH:5
BRDA:24,0,0,25
BRDA:24,0,1,63
BRDA:41,1,0,0
BRDA:41,1,1,0
BRDA:42,2,0,0
BRDA:42,2,1,0
BRDA:45,3,0,0
BRDA:45,3,1,0
BRDA:50,4,0,0
BRDA:50,4,1,0
BRF:10
BRH:2
end_of_record
TN:
SF:src\lib\parseToc.ts
FN:13,parseToc
FNF:1
FNH:1
FNDA:10,parseToc
DA:14,10
DA:15,10
DA:18,10
DA:19,10
DA:20,10
DA:21,10
DA:24,10
LF:7
LH:7
BRF:0
BRH:0
end_of_record
TN:
SF:src\lib\slugify.ts
FN:5,slugify
FNF:1
FNH:1
FNDA:30,slugify
DA:6,30
LF:1
LH:1
BRF:0
BRH:0
end_of_record
TN:
SF:src\lib\utils.ts
FN:4,cn
FNF:1
FNH:1
FNDA:8,cn
DA:5,8
LF:1
LH:1
BRF:0
BRH:0
end_of_record
TN:
SF:src\lib\schemas\instellingen.ts
FN:23,(anonymous_0)
FN:75,(anonymous_1)
FNF:2
FNH:2
FNDA:4,(anonymous_0)
FNDA:5,(anonymous_1)
DA:17,1
DA:23,4
DA:35,1
DA:49,1
DA:59,1
DA:70,1
DA:75,5
LF:7
LH:7
BRDA:75,0,0,5
BRDA:75,0,1,4
BRDA:75,0,2,4
BRF:3
BRH:3
end_of_record
TN:
SF:src\stores\authStore.ts
FN:34,(anonymous_0)
FN:44,(anonymous_1)
FN:44,(anonymous_2)
FN:45,(anonymous_3)
FN:46,(anonymous_4)
FN:47,(anonymous_5)
FN:48,(anonymous_6)
FN:49,(anonymous_7)
FN:50,(anonymous_8)
FN:51,(anonymous_9)
FN:52,(anonymous_10)
FN:53,(anonymous_11)
FNF:12
FNH:5
FNDA:1,(anonymous_0)
FNDA:0,(anonymous_1)
FNDA:0,(anonymous_2)
FNDA:2,(anonymous_3)
FNDA:0,(anonymous_4)
FNDA:0,(anonymous_5)
FNDA:0,(anonymous_6)
FNDA:1,(anonymous_7)
FNDA:1,(anonymous_8)
FNDA:0,(anonymous_9)
FNDA:0,(anonymous_10)
FNDA:1,(anonymous_11)
DA:34,1
DA:44,0
DA:45,2
DA:46,0
DA:47,0
DA:48,0
DA:49,1
DA:50,1
DA:51,0
DA:52,0
DA:54,1
DA:55,1
DA:59,1
LF:13
LH:7
BRF:0
BRH:0
end_of_record
TN:
SF:src\stores\helpStore.ts
FN:23,(anonymous_0)
FN:28,(anonymous_1)
FN:31,(anonymous_2)
FN:34,(anonymous_3)
FN:35,(anonymous_4)
FN:46,(anonymous_5)
FN:49,(anonymous_6)
FNF:7
FNH:6
FNDA:1,(anonymous_0)
FNDA:4,(anonymous_1)
FNDA:1,(anonymous_2)
FNDA:3,(anonymous_3)
FNDA:3,(anonymous_4)
FNDA:1,(anonymous_5)
FNDA:0,(anonymous_6)
DA:23,1
DA:29,4
DA:32,1
DA:35,3
DA:36,3
DA:37,1
DA:39,2
DA:47,1
DA:50,0
LF:9
LH:8
BRDA:29,0,0,4
BRDA:29,0,1,4
BRDA:36,1,0,1
BRDA:36,1,1,2
BRDA:36,2,0,3
BRDA:36,2,1,2
BRDA:41,3,0,2
BRDA:41,3,1,0
BRF:8
BRH:7
end_of_record
TN:
SF:src\stores\preferencesStore.ts
FN:5,storageKey
FN:69,load
FN:79,save
FN:105,(anonymous_3)
FN:110,(anonymous_4)
FN:116,(anonymous_5)
FN:121,(anonymous_6)
FN:124,(anonymous_7)
FN:130,(anonymous_8)
FN:135,(anonymous_9)
FN:140,(anonymous_10)
FN:145,(anonymous_11)
FN:150,(anonymous_12)
FN:155,(anonymous_13)
FNF:14
FNH:7
FNDA:13,storageKey
FNDA:4,load
FNDA:9,save
FNDA:1,(anonymous_3)
FNDA:4,(anonymous_4)
FNDA:7,(anonymous_5)
FNDA:0,(anonymous_6)
FNDA:0,(anonymous_7)
FNDA:0,(anonymous_8)
FNDA:0,(anonymous_9)
FNDA:0,(anonymous_10)
FNDA:0,(anonymous_11)
FNDA:2,(anonymous_12)
FNDA:0,(anonymous_13)
DA:3,1
DA:6,13
DA:50,1
DA:70,4
DA:71,4
DA:72,4
DA:73,1
DA:75,0
DA:80,9
DA:81,9
DA:97,9
DA:105,1
DA:111,4
DA:112,4
DA:117,7
DA:118,7
DA:122,0
DA:123,0
DA:124,0
DA:126,0
DA:127,0
DA:131,0
DA:132,0
DA:136,0
DA:137,0
DA:141,0
DA:142,0
DA:146,0
DA:147,0
DA:151,2
DA:152,2
DA:156,0
DA:157,0
LF:33
LH:17
BRDA:6,0,0,7
BRDA:6,0,1,6
BRDA:72,1,0,3
BRDA:72,1,1,1
BRDA:123,2,0,0
BRDA:123,2,1,0
BRF:6
BRH:4
end_of_record
